[debug] [2019-04-20T00:08:39.381Z] ----------------------------------------------------------------------
[debug] [2019-04-20T00:08:39.383Z] Command:       /usr/local/bin/node /usr/local/bin/firebase deploy
[debug] [2019-04-20T00:08:39.383Z] CLI Version:   6.5.0
[debug] [2019-04-20T00:08:39.383Z] Platform:      darwin
[debug] [2019-04-20T00:08:39.383Z] Node Version:  v10.15.1
[debug] [2019-04-20T00:08:39.390Z] Time:          Fri Apr 19 2019 19:08:39 GMT-0500 (Central Daylight Time)
[debug] [2019-04-20T00:08:39.390Z] ----------------------------------------------------------------------
[debug] 
[debug] [2019-04-20T00:08:39.404Z] > command requires scopes: ["email","openid","https://www.googleapis.com/auth/cloudplatformprojects.readonly","https://www.googleapis.com/auth/firebase","https://www.googleapis.com/auth/cloud-platform"]
[debug] [2019-04-20T00:08:39.404Z] > authorizing via signed-in user
[debug] [2019-04-20T00:08:39.404Z] [iam] checking project cookeasy-istm631 for permissions ["firebase.projects.get","firebasedatabase.instances.update","firebasehosting.sites.update"]
[debug] [2019-04-20T00:08:39.407Z] > refreshing access token with scopes: ["email","https://www.googleapis.com/auth/cloud-platform","https://www.googleapis.com/auth/cloudplatformprojects.readonly","https://www.googleapis.com/auth/firebase","openid"]
[debug] [2019-04-20T00:08:39.407Z] >>> HTTP REQUEST POST https://www.googleapis.com/oauth2/v3/token  
 <request body omitted>
[debug] [2019-04-20T00:08:39.677Z] <<< HTTP RESPONSE 200
[debug] [2019-04-20T00:08:39.700Z] >>> HTTP REQUEST POST https://cloudresourcemanager.googleapis.com/v1/projects/cookeasy-istm631:testIamPermissions  

[debug] [2019-04-20T00:08:39.960Z] <<< HTTP RESPONSE 200
[debug] [2019-04-20T00:08:39.961Z] >>> HTTP REQUEST GET https://firebase.googleapis.com/v1beta1/projects/cookeasy-istm631  
 
[debug] [2019-04-20T00:08:40.230Z] <<< HTTP RESPONSE 200
[info] 
[info] === Deploying to 'cookeasy-istm631'...
[info] 
[info] i  deploying database, hosting
[info] i  database: checking rules syntax...
[debug] [2019-04-20T00:08:40.235Z] >>> HTTP REQUEST PUT https://cookeasy-istm631.firebaseio.com/.settings/rules.json?dryRun=true  
 {
  /* Visit https://firebase.google.com/docs/database/security to learn more about security rules. */
  "rules": {
    ".read": true,
    ".write": true
  }
}
[debug] [2019-04-20T00:08:40.516Z] <<< HTTP RESPONSE 200
[info] ✔  database: rules syntax for database cookeasy-istm631 is valid
[debug] [2019-04-20T00:08:40.518Z] >>> HTTP REQUEST POST https://firebasehosting.googleapis.com/v1beta1/sites/cookeasy-istm631/versions  

[debug] [2019-04-20T00:08:41.482Z] <<< HTTP RESPONSE 200
[info] i  hosting[cookeasy-istm631]: beginning deploy...
[info] i  hosting[cookeasy-istm631]: found 813 files in dist
[debug] [2019-04-20T00:08:41.632Z] [hosting] hash cache [ZGlzdA] load error: lines is not defined
[debug] [2019-04-20T00:08:43.632Z] [hosting] hash cache [ZGlzdA] stored for 813 files
[debug] [2019-04-20T00:08:43.632Z] [hosting][hash queue][FINAL]
[debug] [2019-04-20T00:08:43.632Z] >>> HTTP REQUEST POST https://firebasehosting.googleapis.com/v1beta1/sites/cookeasy-istm631/versions/da97917920d3cd35:populateFiles  
 <request body omitted>
[debug] [2019-04-20T00:08:55.165Z] <<< HTTP RESPONSE 200
[debug] [2019-04-20T00:08:55.171Z] [hosting][populate queue][FINAL]
[debug] [2019-04-20T00:08:55.171Z] [hosting] uploads queued: 4
[debug] [2019-04-20T00:08:56.794Z] [hosting][upload queue][FINAL]
[info] ✔  hosting[cookeasy-istm631]: file upload complete
[debug] [2019-04-20T00:08:56.795Z] [hosting] deploy completed after 15312ms
